Build started 11-11-2015 22:37:37.
     1>Project "C:\Users\Vincent\Documents\Visual Studio 2015\Projects\DijkstraAlgoritme\DijkstraAlgoritme\DijkstraAlgoritme.vcxproj" on node 2 (Build target(s)).
     1>ClCompile:
         C:\Program Files (x86)\Microsoft Visual Studio 14.0\VC\bin\CL.exe /c /Zi /nologo /W3 /WX- /sdl /O2 /Oi /Oy- /GL /D WIN32 /D NDEBUG /D _CONSOLE /D _UNICODE /D UNICODE /Gm- /EHsc /MD /GS /Gy /fp:precise /Zc:wchar_t /Zc:forScope /Zc:inline /Yc"stdafx.h" /Fp"Release\DijkstraAlgoritme.pch" /Fo"Release\\" /Fd"Release\vc140.pdb" /Gd /TP /analyze- /errorReport:prompt DijkstraAlgoritme.cpp Main.cpp SecondAlgoritme.cpp stdafx.cpp
         DijkstraAlgoritme.cpp
         Main.cpp
         SecondAlgoritme.cpp
         stdafx.cpp
       Link:
         C:\Program Files (x86)\Microsoft Visual Studio 14.0\VC\bin\link.exe /ERRORREPORT:PROMPT /OUT:"C:\Users\Vincent\Documents\Visual Studio 2015\Projects\DijkstraAlgoritme\Release\DijkstraAlgoritme.exe" /INCREMENTAL:NO /NOLOGO kernel32.lib user32.lib gdi32.lib winspool.lib comdlg32.lib advapi32.lib shell32.lib ole32.lib oleaut32.lib uuid.lib odbc32.lib odbccp32.lib /MANIFEST /MANIFESTUAC:"level='asInvoker' uiAccess='false'" /manifest:embed /Debug /PDB:"C:\Users\Vincent\Documents\Visual Studio 2015\Projects\DijkstraAlgoritme\Release\DijkstraAlgoritme.pdb" /SUBSYSTEM:CONSOLE /OPT:REF /OPT:ICF /LTCG:incremental /TLBID:1 /DYNAMICBASE /NXCOMPAT /IMPLIB:"C:\Users\Vincent\Documents\Visual Studio 2015\Projects\DijkstraAlgoritme\Release\DijkstraAlgoritme.lib" /MACHINE:X86 /SAFESEH Release\DijkstraAlgoritme.obj
         Release\Main.obj
         Release\SecondAlgoritme.obj
         Release\stdafx.obj
     1>LINK : warning C4727: PCH named c:\users\vincent\documents\visual studio 2015\projects\dijkstraalgoritme\dijkstraalgoritme\release\dijkstraalgoritme.pch with same timestamp found in C:\Users\Vincent\Documents\Visual Studio 2015\Projects\DijkstraAlgoritme\DijkstraAlgoritme\Release\Main.obj and C:\Users\Vincent\Documents\Visual Studio 2015\Projects\DijkstraAlgoritme\DijkstraAlgoritme\Release\DijkstraAlgoritme.obj.  Using first PCH.
     1>LINK : warning C4727: PCH named c:\users\vincent\documents\visual studio 2015\projects\dijkstraalgoritme\dijkstraalgoritme\release\dijkstraalgoritme.pch with same timestamp found in C:\Users\Vincent\Documents\Visual Studio 2015\Projects\DijkstraAlgoritme\DijkstraAlgoritme\Release\SecondAlgoritme.obj and C:\Users\Vincent\Documents\Visual Studio 2015\Projects\DijkstraAlgoritme\DijkstraAlgoritme\Release\DijkstraAlgoritme.obj.  Using first PCH.
     1>LINK : warning C4727: PCH named c:\users\vincent\documents\visual studio 2015\projects\dijkstraalgoritme\dijkstraalgoritme\release\dijkstraalgoritme.pch with same timestamp found in C:\Users\Vincent\Documents\Visual Studio 2015\Projects\DijkstraAlgoritme\DijkstraAlgoritme\Release\stdafx.obj and C:\Users\Vincent\Documents\Visual Studio 2015\Projects\DijkstraAlgoritme\DijkstraAlgoritme\Release\DijkstraAlgoritme.obj.  Using first PCH.
         Generating code
         All 27 functions were compiled because no usable IPDB/IOBJ from previous compilation was found.
         Finished generating code
         DijkstraAlgoritme.vcxproj -> C:\Users\Vincent\Documents\Visual Studio 2015\Projects\DijkstraAlgoritme\Release\DijkstraAlgoritme.exe
     1>Done Building Project "C:\Users\Vincent\Documents\Visual Studio 2015\Projects\DijkstraAlgoritme\DijkstraAlgoritme\DijkstraAlgoritme.vcxproj" (Build target(s)).

Build succeeded.

Time Elapsed 00:00:01.96
